[I 2021-03-08 23:28:57,028] Trial 77 finished with value: 5.458734512329102 and parameters: {'architecture': 16, 'sde': False, 'lr': 0.0009023132301925344, 'gamme': 0.918140292447013, 'ent_coef': 0.00011711650132774988, 'reward': 5}. Best is trial 72 with value: 4.2764506340026855.
[I 2021-03-08 23:48:47,038] Trial 78 finished with value: 4.335951805114746 and parameters: {'architecture': 16, 'sde': False, 'lr': 0.0007943875517506711, 'gamme': 0.9123593423965041, 'ent_coef': 0.00019256054405563023, 'reward': 1}. Best is trial 72 with value: 4.2764506340026855.
[I 2021-03-09 00:08:04,907] Trial 79 finished with value: 10.66462516784668 and parameters: {'architecture': 16, 'sde': False, 'lr': 0.0008259003073493079, 'gamme': 0.9209582348304656, 'ent_coef': 0.0001810451886013274, 'reward': 3}. Best is trial 72 with value: 4.2764506340026855.
[I 2021-03-09 00:29:21,349] Trial 80 finished with value: 9.934048652648926 and parameters: {'architecture': 16, 'sde': True, 'lr': 0.000778628737286344, 'gamme': 0.9126503803865876, 'ent_coef': 1.4962060833833197e-05, 'reward': 1}. Best is trial 72 with value: 4.2764506340026855.
[I 2021-03-09 00:49:07,147] Trial 81 finished with value: 4.396176815032959 and parameters: {'architecture': 16, 'sde': False, 'lr': 0.0009189862463260898, 'gamme': 0.9156142271270951, 'ent_coef': 0.0001337420124061872, 'reward': 1}. Best is trial 72 with value: 4.2764506340026855.
[I 2021-03-09 01:08:58,927] Trial 82 finished with value: 4.29647159576416 and parameters: {'architecture': 16, 'sde': False, 'lr': 0.0009966450517792343, 'gamme': 0.9116818007009143, 'ent_coef': 5.3137864820309525e-05, 'reward': 1}. Best is trial 72 with value: 4.2764506340026855.
[I 2021-03-09 01:28:45,701] Trial 83 finished with value: 4.301611423492432 and parameters: {'architecture': 16, 'sde': False, 'lr': 0.0008247570723352116, 'gamme': 0.9068755559004984, 'ent_coef': 5.6484498214524916e-05, 'reward': 1}. Best is trial 72 with value: 4.2764506340026855.
[I 2021-03-09 01:48:34,314] Trial 84 finished with value: 4.285641670227051 and parameters: {'architecture': 16, 'sde': False, 'lr': 0.00083823887733454, 'gamme': 0.9069799225324663, 'ent_coef': 5.331212969008472e-05, 'reward': 1}. Best is trial 72 with value: 4.2764506340026855.
[I 2021-03-09 02:08:23,318] Trial 85 finished with value: 4.257562637329102 and parameters: {'architecture': 16, 'sde': False, 'lr': 0.0009304428334799384, 'gamme': 0.9068834730974198, 'ent_coef': 5.3158371728153076e-05, 'reward': 1}. Best is trial 85 with value: 4.257562637329102.
[I 2021-03-09 02:28:56,390] Trial 86 finished with value: 5.487916469573975 and parameters: {'architecture': 16, 'sde': False, 'lr': 0.0008520769552109619, 'gamme': 0.9073584986633145, 'ent_coef': 4.942522476030841e-05, 'reward': 2}. Best is trial 85 with value: 4.257562637329102.
[I 2021-03-09 02:48:44,006] Trial 87 finished with value: 4.359728813171387 and parameters: {'architecture': 16, 'sde': False, 'lr': 0.0009625296177188452, 'gamme': 0.907392327159245, 'ent_coef': 6.887307793006654e-05, 'reward': 1}. Best is trial 85 with value: 4.257562637329102.
[I 2021-03-09 03:08:35,625] Trial 88 finished with value: 4.313827991485596 and parameters: {'architecture': 16, 'sde': False, 'lr': 0.0009043799769629562, 'gamme': 0.9187384349550696, 'ent_coef': 2.057408902259947e-05, 'reward': 1}. Best is trial 85 with value: 4.257562637329102.
[I 2021-03-09 03:28:26,249] Trial 89 finished with value: 4.288904190063477 and parameters: {'architecture': 16, 'sde': False, 'lr': 0.0009215880841173983, 'gamme': 0.9192294845865605, 'ent_coef': 2.205502555713536e-05, 'reward': 1}. Best is trial 85 with value: 4.257562637329102.
[I 2021-03-09 03:48:58,219] Trial 90 finished with value: 4.834970474243164 and parameters: {'architecture': 16, 'sde': False, 'lr': 0.0009405931205031089, 'gamme': 0.9215671152648283, 'ent_coef': 5.610801870499559e-05, 'reward': 4}. Best is trial 85 with value: 4.257562637329102.
[I 2021-03-09 04:08:50,873] Trial 91 finished with value: 4.342650890350342 and parameters: {'architecture': 16, 'sde': False, 'lr': 0.0009044152109671635, 'gamme': 0.9190628665632374, 'ent_coef': 3.5409051060242513e-05, 'reward': 1}. Best is trial 85 with value: 4.257562637329102.
[I 2021-03-09 04:28:36,502] Trial 92 finished with value: 4.349653720855713 and parameters: {'architecture': 16, 'sde': False, 'lr': 0.000836900776470761, 'gamme': 0.9154536694853421, 'ent_coef': 2.0328624235122796e-05, 'reward': 1}. Best is trial 85 with value: 4.257562637329102.
[I 2021-03-09 04:48:22,831] Trial 93 finished with value: 4.321563720703125 and parameters: {'architecture': 16, 'sde': False, 'lr': 0.0008761016699637623, 'gamme': 0.9177414067914812, 'ent_coef': 0.00011236160691317079, 'reward': 1}. Best is trial 85 with value: 4.257562637329102.
[I 2021-03-09 05:08:09,418] Trial 94 finished with value: 4.346168041229248 and parameters: {'architecture': 16, 'sde': False, 'lr': 0.0009351083708631676, 'gamme': 0.9253267359789239, 'ent_coef': 0.00013812451572050937, 'reward': 1}. Best is trial 85 with value: 4.257562637329102.
[I 2021-03-09 05:27:54,338] Trial 95 finished with value: 4.3775410652160645 and parameters: {'architecture': 16, 'sde': False, 'lr': 0.0008174280101934199, 'gamme': 0.9293889123623686, 'ent_coef': 9.85006454576067e-05, 'reward': 1}. Best is trial 85 with value: 4.257562637329102.
[I 2021-03-09 05:47:43,130] Trial 96 finished with value: 4.3132829666137695 and parameters: {'architecture': 16, 'sde': False, 'lr': 0.0009692313352262041, 'gamme': 0.9099526139972519, 'ent_coef': 6.344742450611661e-05, 'reward': 1}. Best is trial 85 with value: 4.257562637329102.
[I 2021-03-09 06:07:28,558] Trial 97 finished with value: 4.435273170471191 and parameters: {'architecture': 16, 'sde': False, 'lr': 0.0009688052671994737, 'gamme': 0.9114119714669533, 'ent_coef': 5.1817139596090745e-05, 'reward': 1}. Best is trial 85 with value: 4.257562637329102.
[I 2021-03-09 06:27:22,189] Trial 98 finished with value: 4.288394927978516 and parameters: {'architecture': 16, 'sde': False, 'lr': 0.0009982877883427334, 'gamme': 0.9089499942035801, 'ent_coef': 7.67971414104908e-05, 'reward': 1}. Best is trial 85 with value: 4.257562637329102.
[I 2021-03-09 06:47:03,378] Trial 99 finished with value: 4.539379596710205 and parameters: {'architecture': 16, 'sde': False, 'lr': 0.0009952563443240369, 'gamme': 0.9744911146306152, 'ent_coef': 0.00012725601559639038, 'reward': 1}. Best is trial 85 with value: 4.257562637329102.
